c:\users\nhiem.tran\source\repos\game\mario\mario\x64\debug\vc143.pdb
c:\users\nhiem.tran\source\repos\game\mario\mario\x64\debug\vc143.idb
c:\users\nhiem.tran\source\repos\game\mario\mario\x64\debug\state.obj
c:\users\nhiem.tran\source\repos\game\mario\mario\x64\debug\platform.obj
c:\users\nhiem.tran\source\repos\game\mario\mario\x64\debug\monster.obj
c:\users\nhiem.tran\source\repos\game\mario\mario\x64\debug\menu.obj
c:\users\nhiem.tran\source\repos\game\mario\mario\x64\debug\gui.obj
c:\users\nhiem.tran\source\repos\game\mario\mario\x64\debug\mario.obj
c:\users\nhiem.tran\source\repos\game\mario\mario\x64\debug\gameobject.obj
c:\users\nhiem.tran\source\repos\game\mario\mario\x64\debug\enginebase.obj
c:\users\nhiem.tran\source\repos\game\mario\mario\x64\debug\engine.obj
c:\users\nhiem.tran\source\repos\game\mario\mario\x64\debug\character.obj
c:\users\nhiem.tran\source\repos\game\mario\x64\debug\mario.exe
c:\users\nhiem.tran\source\repos\game\mario\mario\x64\debug\mario.ilk
c:\users\nhiem.tran\source\repos\game\mario\x64\debug\mario.pdb
c:\users\nhiem.tran\source\repos\game\mario\mario\x64\debug\mario.res
c:\users\nhiem.tran\source\repos\game\mario\mario\x64\debug\mario.tlog\cl.command.1.tlog
c:\users\nhiem.tran\source\repos\game\mario\mario\x64\debug\mario.tlog\cl.read.1.tlog
c:\users\nhiem.tran\source\repos\game\mario\mario\x64\debug\mario.tlog\cl.write.1.tlog
c:\users\nhiem.tran\source\repos\game\mario\mario\x64\debug\mario.tlog\link.command.1.tlog
c:\users\nhiem.tran\source\repos\game\mario\mario\x64\debug\mario.tlog\link.read.1.tlog
c:\users\nhiem.tran\source\repos\game\mario\mario\x64\debug\mario.tlog\link.write.1.tlog
c:\users\nhiem.tran\source\repos\game\mario\mario\x64\debug\mario.tlog\rc.command.1.tlog
c:\users\nhiem.tran\source\repos\game\mario\mario\x64\debug\mario.tlog\rc.read.1.tlog
c:\users\nhiem.tran\source\repos\game\mario\mario\x64\debug\mario.tlog\rc.write.1.tlog
